c:\mytinyrenderproj\d3d12practicelast\d3d12practicelast\x64\release\vc143.pdb
c:\mytinyrenderproj\d3d12practicelast\d3d12practicelast\x64\release\textureloader.obj
c:\mytinyrenderproj\d3d12practicelast\d3d12practicelast\x64\release\mathhelper.obj
c:\mytinyrenderproj\d3d12practicelast\d3d12practicelast\x64\release\ddstextureloader.obj
c:\mytinyrenderproj\d3d12practicelast\d3d12practicelast\x64\release\d3dutil.obj
c:\mytinyrenderproj\d3d12practicelast\d3d12practicelast\x64\release\d3d12practice.obj
c:\mytinyrenderproj\d3d12practicelast\d3d12practicelast\d3d12practicelast.exe
c:\mytinyrenderproj\d3d12practicelast\d3d12practicelast\x64\release\d3d12practicelast.ipdb
c:\mytinyrenderproj\d3d12practicelast\d3d12practicelast\d3d12practicelast.pdb
c:\mytinyrenderproj\d3d12practicelast\d3d12practicelast\x64\release\d3d12practicelast.iobj
c:\mytinyrenderproj\d3d12practicelast\d3d12practicelast\x64\release\d3d12practicelast.res
c:\mytinyrenderproj\d3d12practicelast\x64\release\..\..\d3d12practicelast\d3d12practicelast.pdb
c:\mytinyrenderproj\d3d12practicelast\d3d12practicelast\x64\release\d3d12pra.a8119344.tlog\cl.command.1.tlog
c:\mytinyrenderproj\d3d12practicelast\d3d12practicelast\x64\release\d3d12pra.a8119344.tlog\cl.read.1.tlog
c:\mytinyrenderproj\d3d12practicelast\d3d12practicelast\x64\release\d3d12pra.a8119344.tlog\cl.write.1.tlog
c:\mytinyrenderproj\d3d12practicelast\d3d12practicelast\x64\release\d3d12pra.a8119344.tlog\link.command.1.tlog
c:\mytinyrenderproj\d3d12practicelast\d3d12practicelast\x64\release\d3d12pra.a8119344.tlog\link.read.1.tlog
c:\mytinyrenderproj\d3d12practicelast\d3d12practicelast\x64\release\d3d12pra.a8119344.tlog\link.write.1.tlog
c:\mytinyrenderproj\d3d12practicelast\d3d12practicelast\x64\release\d3d12pra.a8119344.tlog\rc.command.1.tlog
c:\mytinyrenderproj\d3d12practicelast\d3d12practicelast\x64\release\d3d12pra.a8119344.tlog\rc.read.1.tlog
c:\mytinyrenderproj\d3d12practicelast\d3d12practicelast\x64\release\d3d12pra.a8119344.tlog\rc.write.1.tlog
