  d3d12practice.cpp
C:\mytinyrenderproj\d3d12practicelast\d3d12practicelast\modelReader.h(17,20): warning C4018: “<”: 有符号/无符号不匹配
C:\mytinyrenderproj\d3d12practicelast\d3d12practicelast\modelReader.h(15,9): warning C4101: “a”: 未引用的局部变量
C:\mytinyrenderproj\d3d12practicelast\d3d12practicelast\modelReader.h(42,20): warning C4018: “<”: 有符号/无符号不匹配
C:\mytinyrenderproj\d3d12practicelast\d3d12practicelast\modelReader.h(62,20): warning C4018: “<”: 有符号/无符号不匹配
C:\mytinyrenderproj\d3d12practicelast\d3d12practicelast\modelReader.h(70,20): warning C4018: “<”: 有符号/无符号不匹配
C:\mytinyrenderproj\d3d12practicelast\d3d12practicelast\modelReader.h(82,20): warning C4018: “<”: 有符号/无符号不匹配
C:\mytinyrenderproj\d3d12practicelast\d3d12practicelast\modelReader.h(91,20): warning C4018: “<”: 有符号/无符号不匹配
C:\mytinyrenderproj\d3d12practicelast\d3d12practicelast\modelReader.h(96,21): warning C4018: “<”: 有符号/无符号不匹配
C:\mytinyrenderproj\d3d12practicelast\d3d12practicelast\d3d12practice.cpp(13,1): warning C4005: “GRS_WND_CLASS_NAME”: 宏重定义
C:\mytinyrenderproj\d3d12practicelast\d3d12practicelast\d3dUtil.h(60,1): message : 参见“GRS_WND_CLASS_NAME”的前一个定义
C:\mytinyrenderproj\d3d12practicelast\d3d12practicelast\d3d12practice.cpp(14,1): warning C4005: “GRS_WND_TITLE”: 宏重定义
C:\mytinyrenderproj\d3d12practicelast\d3d12practicelast\d3dUtil.h(61,1): message : 参见“GRS_WND_TITLE”的前一个定义
C:\mytinyrenderproj\d3d12practicelast\d3d12practicelast\d3d12practice.cpp(278,39): warning C4305: “初始化”: 从“double”到“float”截断
C:\mytinyrenderproj\d3d12practicelast\d3d12practicelast\d3d12practice.cpp(366,21): warning C4244: “=”: 从“int”转换到“float”，可能丢失数据
C:\mytinyrenderproj\d3d12practicelast\d3d12practicelast\d3d12practice.cpp(367,21): warning C4244: “=”: 从“int”转换到“float”，可能丢失数据
C:\mytinyrenderproj\d3d12practicelast\d3d12practicelast\d3d12practice.cpp(386,25): warning C4244: “=”: 从“int”转换到“float”，可能丢失数据
C:\mytinyrenderproj\d3d12practicelast\d3d12practicelast\d3d12practice.cpp(387,25): warning C4244: “=”: 从“int”转换到“float”，可能丢失数据
C:\mytinyrenderproj\d3d12practicelast\d3d12practicelast\d3d12practice.cpp(403,19): warning C4244: “初始化”: 从“double”转换到“int”，可能丢失数据
C:\mytinyrenderproj\d3d12practicelast\d3d12practicelast\d3d12practice.cpp(404,29): warning C4244: “参数”: 从“int”转换到“float”，可能丢失数据
C:\mytinyrenderproj\d3d12practicelast\d3d12practicelast\d3d12practice.cpp(405,25): warning C4244: “=”: 从“float”转换到“int”，可能丢失数据
C:\mytinyrenderproj\d3d12practicelast\d3d12practicelast\d3d12practice.cpp(406,25): warning C4244: “=”: 从“float”转换到“int”，可能丢失数据
C:\mytinyrenderproj\d3d12practicelast\d3d12practicelast\d3d12practice.cpp(407,25): warning C4244: “=”: 从“float”转换到“int”，可能丢失数据
C:\mytinyrenderproj\d3d12practicelast\d3d12practicelast\d3d12practice.cpp(1747,79): warning C4267: “参数”: 从“size_t”转换到“int”，可能丢失数据
C:\mytinyrenderproj\d3d12practicelast\d3d12practicelast\d3d12practice.cpp(2246,117): warning C4267: “参数”: 从“size_t”转换到“DWORD”，可能丢失数据
C:\mytinyrenderproj\d3d12practicelast\d3d12practicelast\d3d12practice.cpp(2252,84): warning C4267: “参数”: 从“size_t”转换到“UINT”，可能丢失数据
C:\mytinyrenderproj\d3d12practicelast\d3d12practicelast\d3d12practice.cpp(2253,20): warning C4244: “=”: 从“UINT64”转换到“UINT”，可能丢失数据
C:\mytinyrenderproj\d3d12practicelast\d3d12practicelast\d3d12practice.cpp(2283,125): warning C4267: “参数”: 从“size_t”转换到“DWORD”，可能丢失数据
C:\mytinyrenderproj\d3d12practicelast\d3d12practicelast\d3d12practice.cpp(2563,94): warning C4244: “参数”: 从“int”转换到“float”，可能丢失数据
C:\mytinyrenderproj\d3d12practicelast\d3d12practicelast\d3d12practice.cpp(2563,81): warning C4244: “参数”: 从“int”转换到“float”，可能丢失数据
C:\mytinyrenderproj\d3d12practicelast\d3d12practicelast\d3d12practice.cpp(2563,71): warning C4244: “参数”: 从“int”转换到“float”，可能丢失数据
C:\mytinyrenderproj\d3d12practicelast\d3d12practicelast\d3d12practice.cpp(2602,92): warning C4267: “参数”: 从“size_t”转换到“UINT”，可能丢失数据
C:\mytinyrenderproj\d3d12practicelast\d3d12practicelast\d3d12practice.cpp(2603,28): warning C4244: “=”: 从“UINT64”转换到“UINT”，可能丢失数据
C:\mytinyrenderproj\d3d12practicelast\d3d12practicelast\d3d12practice.cpp(2609,125): warning C4267: “参数”: 从“size_t”转换到“DWORD”，可能丢失数据
C:\mytinyrenderproj\d3d12practicelast\d3d12practicelast\d3d12practice.cpp(2711,77): warning C4267: “参数”: 从“size_t”转换到“UINT”，可能丢失数据
C:\mytinyrenderproj\d3d12practicelast\d3d12practicelast\d3d12practice.cpp(2729,77): warning C4267: “参数”: 从“size_t”转换到“UINT”，可能丢失数据
C:\mytinyrenderproj\d3d12practicelast\d3d12practicelast\d3d12practice.cpp(2750,92): warning C4267: “参数”: 从“size_t”转换到“UINT”，可能丢失数据
C:\mytinyrenderproj\d3d12practicelast\d3d12practicelast\d3d12practice.cpp(2751,28): warning C4244: “=”: 从“UINT64”转换到“UINT”，可能丢失数据
C:\mytinyrenderproj\d3d12practicelast\d3d12practicelast\d3d12practice.cpp(2757,125): warning C4267: “参数”: 从“size_t”转换到“DWORD”，可能丢失数据
C:\mytinyrenderproj\d3d12practicelast\d3d12practicelast\d3d12practice.cpp(2798,97): warning C4267: “参数”: 从“size_t”转换到“UINT”，可能丢失数据
C:\mytinyrenderproj\d3d12practicelast\d3d12practicelast\d3d12practice.cpp(2799,33): warning C4244: “=”: 从“UINT64”转换到“UINT”，可能丢失数据
C:\mytinyrenderproj\d3d12practicelast\d3d12practicelast\d3d12practice.cpp(2805,130): warning C4267: “参数”: 从“size_t”转换到“DWORD”，可能丢失数据
C:\mytinyrenderproj\d3d12practicelast\d3d12practicelast\d3d12practice.cpp(2844,97): warning C4267: “参数”: 从“size_t”转换到“UINT”，可能丢失数据
C:\mytinyrenderproj\d3d12practicelast\d3d12practicelast\d3d12practice.cpp(2845,33): warning C4244: “=”: 从“UINT64”转换到“UINT”，可能丢失数据
C:\mytinyrenderproj\d3d12practicelast\d3d12practicelast\d3d12practice.cpp(2851,130): warning C4267: “参数”: 从“size_t”转换到“DWORD”，可能丢失数据
C:\mytinyrenderproj\d3d12practicelast\d3d12practicelast\d3d12practice.cpp(2889,97): warning C4267: “参数”: 从“size_t”转换到“UINT”，可能丢失数据
C:\mytinyrenderproj\d3d12practicelast\d3d12practicelast\d3d12practice.cpp(2890,33): warning C4244: “=”: 从“UINT64”转换到“UINT”，可能丢失数据
C:\mytinyrenderproj\d3d12practicelast\d3d12practicelast\d3d12practice.cpp(2896,130): warning C4267: “参数”: 从“size_t”转换到“DWORD”，可能丢失数据
C:\mytinyrenderproj\d3d12practicelast\d3d12practicelast\d3d12practice.cpp(2934,97): warning C4267: “参数”: 从“size_t”转换到“UINT”，可能丢失数据
C:\mytinyrenderproj\d3d12practicelast\d3d12practicelast\d3d12practice.cpp(2935,33): warning C4244: “=”: 从“UINT64”转换到“UINT”，可能丢失数据
C:\mytinyrenderproj\d3d12practicelast\d3d12practicelast\d3d12practice.cpp(2941,130): warning C4267: “参数”: 从“size_t”转换到“DWORD”，可能丢失数据
C:\mytinyrenderproj\d3d12practicelast\d3d12practicelast\d3d12practice.cpp(2980,97): warning C4267: “参数”: 从“size_t”转换到“UINT”，可能丢失数据
C:\mytinyrenderproj\d3d12practicelast\d3d12practicelast\d3d12practice.cpp(2981,33): warning C4244: “=”: 从“UINT64”转换到“UINT”，可能丢失数据
C:\mytinyrenderproj\d3d12practicelast\d3d12practicelast\d3d12practice.cpp(2987,130): warning C4267: “参数”: 从“size_t”转换到“DWORD”，可能丢失数据
C:\mytinyrenderproj\d3d12practicelast\d3d12practicelast\d3d12practice.cpp(3005,82): warning C4267: “参数”: 从“size_t”转换到“UINT”，可能丢失数据
C:\mytinyrenderproj\d3d12practicelast\d3d12practicelast\d3d12practice.cpp(3053,37): warning C4244: “=”: 从“double”转换到“float”，可能丢失数据
C:\mytinyrenderproj\d3d12practicelast\d3d12practicelast\d3d12practice.cpp(3366,86): warning C4267: “参数”: 从“size_t”转换到“UINT”，可能丢失数据
C:\mytinyrenderproj\d3d12practicelast\d3d12practicelast\d3d12practice.cpp(3376,79): warning C4267: “参数”: 从“size_t”转换到“UINT”，可能丢失数据
C:\mytinyrenderproj\d3d12practicelast\d3d12practicelast\d3d12practice.cpp(3386,78): warning C4267: “参数”: 从“size_t”转换到“UINT”，可能丢失数据
C:\mytinyrenderproj\d3d12practicelast\d3d12practicelast\d3d12practice.cpp(3395,86): warning C4267: “参数”: 从“size_t”转换到“UINT”，可能丢失数据
C:\mytinyrenderproj\d3d12practicelast\d3d12practicelast\d3d12practice.cpp(3481,75): warning C4267: “参数”: 从“size_t”转换到“UINT”，可能丢失数据
C:\mytinyrenderproj\d3d12practicelast\d3d12practicelast\d3d12practice.cpp(3505,76): warning C4267: “参数”: 从“size_t”转换到“UINT”，可能丢失数据
C:\mytinyrenderproj\d3d12practicelast\d3d12practicelast\d3d12practice.cpp(3516,92): warning C4267: “参数”: 从“size_t”转换到“UINT”，可能丢失数据
C:\mytinyrenderproj\d3d12practicelast\d3d12practicelast\d3d12practice.cpp(3517,28): warning C4244: “=”: 从“UINT64”转换到“UINT”，可能丢失数据
C:\mytinyrenderproj\d3d12practicelast\d3d12practicelast\d3d12practice.cpp(3622,22): warning C4244: “初始化”: 从“double”转换到“float”，可能丢失数据
C:\mytinyrenderproj\d3d12practicelast\d3d12practicelast\d3d12practice.cpp(3741,36): warning C4244: “=”: 从“double”转换到“float”，可能丢失数据
C:\mytinyrenderproj\d3d12practicelast\d3d12practicelast\d3d12practice.cpp(3936,85): warning C4267: “参数”: 从“size_t”转换到“UINT”，可能丢失数据
C:\mytinyrenderproj\d3d12practicelast\d3d12practicelast\d3d12practice.cpp(3943,89): warning C4267: “参数”: 从“size_t”转换到“UINT”，可能丢失数据
C:\mytinyrenderproj\d3d12practicelast\d3d12practicelast\d3d12practice.cpp(3944,25): warning C4244: “=”: 从“UINT64”转换到“UINT”，可能丢失数据
C:\mytinyrenderproj\d3d12practicelast\d3d12practicelast\d3d12practice.cpp(3991,84): warning C4267: “参数”: 从“size_t”转换到“UINT”，可能丢失数据
C:\mytinyrenderproj\d3d12practicelast\d3d12practicelast\d3d12practice.cpp(3996,88): warning C4267: “参数”: 从“size_t”转换到“UINT”，可能丢失数据
C:\mytinyrenderproj\d3d12practicelast\d3d12practicelast\d3d12practice.cpp(3997,24): warning C4244: “=”: 从“UINT64”转换到“UINT”，可能丢失数据
C:\mytinyrenderproj\d3d12practicelast\d3d12practicelast\d3d12practice.cpp(4034,72): warning C4267: “参数”: 从“size_t”转换到“UINT”，可能丢失数据
C:\mytinyrenderproj\d3d12practicelast\d3d12practicelast\d3d12practice.cpp(4039,88): warning C4267: “参数”: 从“size_t”转换到“UINT”，可能丢失数据
C:\mytinyrenderproj\d3d12practicelast\d3d12practicelast\d3d12practice.cpp(4040,24): warning C4244: “=”: 从“UINT64”转换到“UINT”，可能丢失数据
C:\mytinyrenderproj\d3d12practicelast\d3d12practicelast\d3d12practice.cpp(4077,72): warning C4267: “参数”: 从“size_t”转换到“UINT”，可能丢失数据
C:\mytinyrenderproj\d3d12practicelast\d3d12practicelast\d3d12practice.cpp(4082,88): warning C4267: “参数”: 从“size_t”转换到“UINT”，可能丢失数据
C:\mytinyrenderproj\d3d12practicelast\d3d12practicelast\d3d12practice.cpp(4083,24): warning C4244: “=”: 从“UINT64”转换到“UINT”，可能丢失数据
C:\mytinyrenderproj\d3d12practicelast\d3d12practicelast\d3d12practice.cpp(4143,88): warning C4267: “参数”: 从“size_t”转换到“UINT”，可能丢失数据
C:\mytinyrenderproj\d3d12practicelast\d3d12practicelast\d3d12practice.cpp(4144,24): warning C4244: “=”: 从“UINT64”转换到“UINT”，可能丢失数据
C:\mytinyrenderproj\d3d12practicelast\d3d12practicelast\d3d12practice.cpp(4203,88): warning C4267: “参数”: 从“size_t”转换到“UINT”，可能丢失数据
C:\mytinyrenderproj\d3d12practicelast\d3d12practicelast\d3d12practice.cpp(4204,24): warning C4244: “=”: 从“UINT64”转换到“UINT”，可能丢失数据
C:\mytinyrenderproj\d3d12practicelast\d3d12practicelast\d3d12practice.cpp(4263,72): warning C4267: “参数”: 从“size_t”转换到“UINT”，可能丢失数据
C:\mytinyrenderproj\d3d12practicelast\d3d12practicelast\d3d12practice.cpp(4268,88): warning C4267: “参数”: 从“size_t”转换到“UINT”，可能丢失数据
C:\mytinyrenderproj\d3d12practicelast\d3d12practicelast\d3d12practice.cpp(4269,24): warning C4244: “=”: 从“UINT64”转换到“UINT”，可能丢失数据
C:\mytinyrenderproj\d3d12practicelast\d3d12practicelast\d3d12practice.cpp(4300,35): warning C4244: “初始化”: 从“double”转换到“int”，可能丢失数据
C:\mytinyrenderproj\d3d12practicelast\d3d12practicelast\d3d12practice.cpp(4314,35): warning C4244: “初始化”: 从“double”转换到“int”，可能丢失数据
C:\mytinyrenderproj\d3d12practicelast\d3d12practicelast\d3d12practice.cpp(4326,88): warning C4267: “参数”: 从“size_t”转换到“UINT”，可能丢失数据
C:\mytinyrenderproj\d3d12practicelast\d3d12practicelast\d3d12practice.cpp(4327,24): warning C4244: “=”: 从“UINT64”转换到“UINT”，可能丢失数据
C:\mytinyrenderproj\d3d12practicelast\d3d12practicelast\d3d12practice.cpp(4635,92): warning C4267: “参数”: 从“size_t”转换到“UINT”，可能丢失数据
C:\mytinyrenderproj\d3d12practicelast\d3d12practicelast\d3d12practice.cpp(4637,28): warning C4244: “=”: 从“UINT64”转换到“UINT”，可能丢失数据
C:\mytinyrenderproj\d3d12practicelast\d3d12practicelast\d3d12practice.cpp(4660,86): warning C4267: “参数”: 从“size_t”转换到“DWORD”，可能丢失数据
C:\mytinyrenderproj\d3d12practicelast\d3d12practicelast\d3d12practice.cpp(427,15): warning C4101: “hInst”: 未引用的局部变量
C:\mytinyrenderproj\d3d12practicelast\d3d12practicelast\d3d12practice.cpp(428,11): warning C4101: “szTitle”: 未引用的局部变量
C:\mytinyrenderproj\d3d12practicelast\d3d12practicelast\d3d12practice.cpp(429,11): warning C4101: “szWindowClass”: 未引用的局部变量
C:\mytinyrenderproj\d3d12practicelast\d3d12practicelast\d3d12practice.cpp(520,29): warning C4101: “sphereibv”: 未引用的局部变量
C:\mytinyrenderproj\d3d12practicelast\d3d12practicelast\d3d12practice.cpp(523,29): warning C4101: “skyibv”: 未引用的局部变量
C:\mytinyrenderproj\d3d12practicelast\d3d12practicelast\d3d12practice.cpp(580,41): warning C4101: “ballvbv”: 未引用的局部变量
C:\mytinyrenderproj\d3d12practicelast\d3d12practicelast\d3d12practice.cpp(522,30): warning C4101: “skyvbv”: 未引用的局部变量
C:\mytinyrenderproj\d3d12practicelast\d3d12practicelast\d3d12practice.cpp(519,29): warning C4101: “ibv”: 未引用的局部变量
C:\mytinyrenderproj\d3d12practicelast\d3d12practicelast\d3d12practice.cpp(585,40): warning C4101: “ballibv”: 未引用的局部变量
C:\mytinyrenderproj\d3d12practicelast\d3d12practicelast\d3d12practice.cpp(521,30): warning C4101: “spherevbv”: 未引用的局部变量
C:\mytinyrenderproj\d3d12practicelast\d3d12practicelast\d3d12practice.cpp(456,10): warning C4101: “nSamplerDescriptorSize”: 未引用的局部变量
C:\mytinyrenderproj\d3d12practicelast\d3d12practicelast\d3d12practice.cpp(3629,23): warning C4101: “front”: 未引用的局部变量
C:\mytinyrenderproj\d3d12practicelast\d3d12practicelast\d3d12practice.cpp(3720,20): warning C4101: “isOverlap”: 未引用的局部变量
C:\mytinyrenderproj\d3d12practicelast\d3d12practicelast\d3d12practice.cpp(4768,86): warning C4267: “参数”: 从“size_t”转换到“DWORD”，可能丢失数据
C:\mytinyrenderproj\d3d12practicelast\d3d12practicelast\d3d12practice.cpp(4807,73): warning C4267: “=”: 从“size_t”转换到“UINT”，可能丢失数据
C:\mytinyrenderproj\d3d12practicelast\d3d12practicelast\d3d12practice.cpp(4808,73): warning C4267: “=”: 从“size_t”转换到“UINT”，可能丢失数据
C:\mytinyrenderproj\d3d12practicelast\d3d12practicelast\d3d12practice.cpp(5184,83): warning C4267: “=”: 从“size_t”转换到“UINT”，可能丢失数据
C:\mytinyrenderproj\d3d12practicelast\d3d12practicelast\d3d12practice.cpp(5185,84): warning C4267: “=”: 从“size_t”转换到“UINT”，可能丢失数据
C:\mytinyrenderproj\d3d12practicelast\d3d12practicelast\d3d12practice.cpp(5517,89): warning C4267: “参数”: 从“size_t”转换到“UINT”，可能丢失数据
C:\mytinyrenderproj\d3d12practicelast\d3d12practicelast\d3d12practice.cpp(5573,86): warning C4267: “参数”: 从“size_t”转换到“DWORD”，可能丢失数据
C:\mytinyrenderproj\d3d12practicelast\d3d12practicelast\d3d12practice.cpp(5560,20): warning C4101: “objc”: 未引用的局部变量
  d3dUtil.cpp
C:\mytinyrenderproj\d3d12practicelast\d3d12practicelast\d3dUtil.cpp(174,52): warning C4267: “参数”: 从“size_t”转换到“int”，可能丢失数据
C:\mytinyrenderproj\d3d12practicelast\d3d12practicelast\d3dUtil.cpp(210,48): warning C4267: “参数”: 从“size_t”转换到“int”，可能丢失数据
C:\mytinyrenderproj\d3d12practicelast\d3d12practicelast\d3dUtil.cpp(211,51): warning C4267: “参数”: 从“size_t”转换到“int”，可能丢失数据
  DDSTextureLoader.cpp
  MathHelper.cpp
  textureLoader.cpp
C:\mytinyrenderproj\d3d12practicelast\d3d12practicelast\textureLoader.cpp(214,19): warning C4018: “<”: 有符号/无符号不匹配
  正在生成代码...
C:\mytinyrenderproj\d3d12practicelast\d3d12practicelast\d3dUtil.h(170): warning C4715: “boneAnimation::interpolation”: 不是所有的控件路径都返回值
  d3d12practicelast.vcxproj -> C:\mytinyrenderproj\d3d12practicelast\d3d12practicelast\d3d12practicelast.exe
